2025/02/28 09:31:47 Program: 0008
2025/02/28 09:31:47 RAM 0x0200: 00
2025/02/28 09:31:47 RAM 0x0201: 08
2025/02/28 09:31:47 RPC: 0200
[RPC]: 00
[RPC+1]: 08
2025/02/28 09:31:48 Cycle: 1
2025/02/28 09:31:48 INS: 0800
2025/02/28 09:31:48 OP: 0001
2025/02/28 09:31:48 R0: 0000	
2025/02/28 09:31:48 R1: 0000	
2025/02/28 09:31:48 R2: 0000	
2025/02/28 09:31:48 R3: 0000	
2025/02/28 09:31:48 
2025/02/28 09:31:48 R4: 0000	
2025/02/28 09:31:48 R5: 0000	
2025/02/28 09:31:48 R6: 0000	
2025/02/28 09:31:48 R7: 0000	
2025/02/28 09:31:48 
2025/02/28 09:31:48 R8: 0000	
2025/02/28 09:31:48 R9: 0000	
2025/02/28 09:31:48 R10: 0000	
2025/02/28 09:31:48 R11: 0000	
2025/02/28 09:31:48 
2025/02/28 09:31:48 R12: 0000	
2025/02/28 09:31:48 R13: 0202	
2025/02/28 09:31:48 R14: 01FF	
2025/02/28 09:31:48 R15: 0000	
2025/02/28 09:31:48 
